<?xml version="1.0" encoding="UTF-8"?>
<testng-results skipped="0" failed="0" ignored="0" total="1" passed="1">
  <reporter-output>
  </reporter-output>
  <suite name="Default suite" duration-ms="3488" started-at="2022-07-19T15:21:06 IST" finished-at="2022-07-19T15:21:10 IST">
    <groups>
    </groups>
    <test name="Default test" duration-ms="3488" started-at="2022-07-19T15:21:06 IST" finished-at="2022-07-19T15:21:10 IST">
      <class name="db.validation.EmpTest">
        <test-method status="PASS" signature="startup()[pri:0, instance:db.validation.EmpTest@2b9627bc]" name="startup" is-config="true" duration-ms="3239" started-at="2022-07-19T15:21:06 IST" finished-at="2022-07-19T15:21:09 IST">
          <reporter-output>
          </reporter-output>
        </test-method> <!-- startup -->
        <test-method status="PASS" signature="getEmpTest()[pri:0, instance:db.validation.EmpTest@2b9627bc]" name="getEmpTest" duration-ms="230" started-at="2022-07-19T15:21:09 IST" finished-at="2022-07-19T15:21:10 IST">
          <reporter-output>
          </reporter-output>
        </test-method> <!-- getEmpTest -->
        <test-method status="PASS" signature="teardown()[pri:0, instance:db.validation.EmpTest@2b9627bc]" name="teardown" is-config="true" duration-ms="1" started-at="2022-07-19T15:21:10 IST" finished-at="2022-07-19T15:21:10 IST">
          <reporter-output>
          </reporter-output>
        </test-method> <!-- teardown -->
      </class> <!-- db.validation.EmpTest -->
    </test> <!-- Default test -->
  </suite> <!-- Default suite -->
</testng-results>
